#
# There is insufficient memory for the Java Runtime Environment to continue.
# Native memory allocation (malloc) failed to allocate 237776 bytes for Chunk::new
# Possible reasons:
#   The system is out of physical RAM or swap space
#   In 32 bit mode, the process size limit was hit
# Possible solutions:
#   Reduce memory load on the system
#   Increase physical memory or swap space
#   Check if swap backing store is full
#   Use 64 bit Java on a 64 bit OS
#   Decrease Java heap size (-Xmx/-Xms)
#   Decrease number of Java threads
#   Decrease Java thread stack sizes (-Xss)
#   Set larger code cache with -XX:ReservedCodeCacheSize=
# This output file may be truncated or incomplete.
#
#  Out of Memory Error (allocation.cpp:390), pid=21540, tid=0x0000000000003f58
#
# JRE version: Java(TM) SE Runtime Environment (8.0_181-b13) (build 1.8.0_181-b13)
# Java VM: Java HotSpot(TM) 64-Bit Server VM (25.181-b13 mixed mode windows-amd64 compressed oops)
# Failed to write core dump. Minidumps are not enabled by default on client versions of Windows
#

---------------  T H R E A D  ---------------

Current thread (0x0000000017811800):  JavaThread "C2 CompilerThread1" daemon [_thread_in_native, id=16216, stack(0x0000000018f50000,0x0000000019050000)]

Stack: [0x0000000018f50000,0x0000000019050000]
[error occurred during error reporting (printing stack bounds), id 0xc0000005]

Native frames: (J=compiled Java code, j=interpreted, Vv=VM code, C=native code)


Current CompileTask:
C2:   1639  918       4       java.io.SequenceInputStream::read (84 bytes)


---------------  P R O C E S S  ---------------

Java Threads: ( => current thread )
  0x0000000020b97800 JavaThread "Prism Font Disposer" daemon [_thread_blocked, id=10348, stack(0x0000000022780000,0x0000000022880000)]
  0x000000001952c800 JavaThread "JavaFX-Launcher" [_thread_blocked, id=23260, stack(0x0000000021380000,0x0000000021480000)]
  0x00000000194ff800 JavaThread "Thread-2" daemon [_thread_in_native, id=23360, stack(0x0000000021280000,0x0000000021380000)]
  0x00000000194cd000 JavaThread "JavaFX Application Thread" [_thread_in_vm, id=24084, stack(0x0000000019d20000,0x0000000019e20000)]
  0x00000000194c9800 JavaThread "Thread-1" daemon [_thread_blocked, id=24292, stack(0x0000000019c20000,0x0000000019d20000)]
  0x0000000019499800 JavaThread "QuantumRenderer-0" daemon [_thread_blocked, id=17488, stack(0x0000000019960000,0x0000000019a60000)]
  0x000000001784d000 JavaThread "Service Thread" daemon [_thread_blocked, id=7988, stack(0x0000000019550000,0x0000000019650000)]
  0x000000001783f800 JavaThread "C1 CompilerThread2" daemon [_thread_blocked, id=9924, stack(0x0000000019050000,0x0000000019150000)]
=>0x0000000017811800 JavaThread "C2 CompilerThread1" daemon [_thread_in_native, id=16216, stack(0x0000000018f50000,0x0000000019050000)]
  0x00000000177f0800 JavaThread "C2 CompilerThread0" daemon [_thread_in_native, id=19552, stack(0x0000000018e50000,0x0000000018f50000)]
  0x00000000177ec800 JavaThread "Attach Listener" daemon [_thread_blocked, id=12936, stack(0x0000000018d50000,0x0000000018e50000)]
  0x00000000177eb800 JavaThread "Signal Dispatcher" daemon [_thread_blocked, id=12132, stack(0x0000000018c50000,0x0000000018d50000)]
  0x0000000002cbb000 JavaThread "Finalizer" daemon [_thread_blocked, id=5304, stack(0x0000000018a60000,0x0000000018b60000)]
  0x0000000002cb0800 JavaThread "Reference Handler" daemon [_thread_blocked, id=2020, stack(0x0000000018960000,0x0000000018a60000)]
  0x0000000002afe000 JavaThread "main" [_thread_blocked, id=13332, stack(0x00000000029f0000,0x0000000002af0000)]

Other Threads:
  0x00000000177b8000 VMThread [stack: 0x0000000018860000,0x0000000018960000] [id=24184]
  0x00000000191a1800 WatcherThread [stack: 0x0000000019650000,0x0000000019750000] [id=24140]

VM state:not at safepoint (normal execution)

VM Mutex/Monitor currently owned by a thread: None

Heap:
 PSYoungGen      total 38400K, used 12063K [0x00000000d5f00000, 0x00000000d8980000, 0x0000000100000000)
  eden space 33280K, 20% used [0x00000000d5f00000,0x00000000d65c8360,0x00000000d7f80000)
  from space 5120K, 99% used [0x00000000d7f80000,0x00000000d847f8c0,0x00000000d8480000)
  to   space 5120K, 0% used [0x00000000d8480000,0x00000000d8480000,0x00000000d8980000)
 ParOldGen       total 87552K, used 192K [0x0000000081c00000, 0x0000000087180000, 0x00000000d5f00000)
  object space 87552K, 0% used [0x0000000081c00000,0x0000000081c30010,0x0000000087180000)
 Metaspace       used 13034K, capacity 13470K, committed 13568K, reserved 1060864K
  class space    used 1875K, capacity 2011K, committed 2048K, reserved 1048576K

Card table byte_map: [0x0000000012080000,0x0000000012480000] byte_map_base: 0x0000000011c72000

Marking Bits: (ParMarkBitMap*) 0x000000006dba2d00
 Begin Bits: [0x0000000012b30000, 0x0000000014ac0000)
 End Bits:   [0x0000000014ac0000, 0x0000000016a50000)

Polling page: 0x0000000001110000

CodeCache: size=245760Kb used=3368Kb max_used=3380Kb free=242391Kb
 bounds [0x0000000002cc0000, 0x0000000003010000, 0x0000000011cc0000]
 total_blobs=1414 nmethods=921 adapters=406
 compilation: enabled

Compilation events (10 events):
Event: 1.596 Thread 0x0000000017811800 nmethod 912 0x0000000002fe4290 code [0x0000000002fe43c0, 0x0000000002fe4458]
Event: 1.596 Thread 0x0000000017811800  913   !   4       java.util.zip.Inflater::inflate (113 bytes)
Event: 1.600 Thread 0x0000000017811800 nmethod 913 0x0000000003005a10 code [0x0000000003005b60, 0x0000000003006028]
Event: 1.606 Thread 0x000000001783f800  914       3       java.io.FileInputStream::read (8 bytes)
Event: 1.606 Thread 0x000000001783f800 nmethod 914 0x000000000300a7d0 code [0x000000000300a940, 0x000000000300aac8]
Event: 1.608 Thread 0x000000001783f800  916       3       java.io.FileInputStream::available (5 bytes)
Event: 1.608 Thread 0x000000001783f800 nmethod 916 0x000000000300a0d0 code [0x000000000300a240, 0x000000000300a3c8]
Event: 1.620 Thread 0x0000000017811800  918       4       java.io.SequenceInputStream::read (84 bytes)
Event: 1.625 Thread 0x00000000177f0800 nmethod 910 0x000000000300d610 code [0x000000000300d7e0, 0x000000000300eb10]
Event: 1.626 Thread 0x00000000177f0800  919   !   4       java.util.zip.InflaterInputStream::read (138 bytes)

GC Heap History (2 events):
Event: 1.549 GC heap before
{Heap before GC invocations=1 (full 0):
 PSYoungGen      total 38400K, used 27217K [0x00000000d5f00000, 0x00000000d8980000, 0x0000000100000000)
  eden space 33280K, 81% used [0x00000000d5f00000,0x00000000d7994458,0x00000000d7f80000)
  from space 5120K, 0% used [0x00000000d8480000,0x00000000d8480000,0x00000000d8980000)
  to   space 5120K, 0% used [0x00000000d7f80000,0x00000000d7f80000,0x00000000d8480000)
 ParOldGen       total 87552K, used 0K [0x0000000081c00000, 0x0000000087180000, 0x00000000d5f00000)
  object space 87552K, 0% used [0x0000000081c00000,0x0000000081c00000,0x0000000087180000)
 Metaspace       used 12986K, capacity 13470K, committed 13568K, reserved 1060864K
  class space    used 1866K, capacity 2011K, committed 2048K, reserved 1048576K
Event: 1.555 GC heap after
Heap after GC invocations=1 (full 0):
 PSYoungGen      total 38400K, used 5118K [0x00000000d5f00000, 0x00000000d8980000, 0x0000000100000000)
  eden space 33280K, 0% used [0x00000000d5f00000,0x00000000d5f00000,0x00000000d7f80000)
  from space 5120K, 99% used [0x00000000d7f80000,0x00000000d847f8c0,0x00000000d8480000)
  to   space 5120K, 0% used [0x00000000d8480000,0x00000000d8480000,0x00000000d8980000)
 ParOldGen       total 87552K, used 192K [0x0000000081c00000, 0x0000000087180000, 0x00000000d5f00000)
  object space 87552K, 0% used [0x0000000081c00000,0x0000000081c30010,0x0000000087180000)
 Metaspace       used 12986K, capacity 13470K, committed 13568K, reserved 1060864K
  class space    used 1866K, capacity 2011K, committed 2048K, reserved 1048576K
}

Deoptimization events (7 events):
Event: 0.798 Thread 0x00000000194cd000 Uncommon trap: reason=unstable_if action=reinterpret pc=0x0000000002e6d68c method=java.lang.String.replace(CC)Ljava/lang/String; @ 26
Event: 1.034 Thread 0x00000000194cd000 Uncommon trap: reason=unstable_if action=reinterpret pc=0x0000000002ea9830 method=java.lang.String.indexOf([CII[CIII)I @ 134
Event: 1.342 Thread 0x00000000194cd000 Uncommon trap: reason=unstable_if action=reinterpret pc=0x0000000002f47b60 method=java.util.HashMap.getNode(ILjava/lang/Object;)Ljava/util/HashMap$Node; @ 84
Event: 1.342 Thread 0x00000000194cd000 Uncommon trap: reason=unstable_if action=reinterpret pc=0x0000000002f41788 method=java.util.HashMap.getNode(ILjava/lang/Object;)Ljava/util/HashMap$Node; @ 84
Event: 1.385 Thread 0x00000000194cd000 Uncommon trap: reason=unstable_if action=reinterpret pc=0x0000000002e86868 method=java.lang.String.startsWith(Ljava/lang/String;I)Z @ 25
Event: 1.461 Thread 0x00000000194cd000 Uncommon trap: reason=unstable_if action=reinterpret pc=0x0000000002fb4be0 method=java.util.HashMap.hash(Ljava/lang/Object;)I @ 1
Event: 1.461 Thread 0x00000000194cd000 Uncommon trap: reason=unstable_if action=reinterpret pc=0x0000000002fb35b0 method=java.util.HashMap.hash(Ljava/lang/Object;)I @ 1

Classes redefined (0 events):
No events

Internal exceptions (10 events):
Event: 0.276 Thread 0x0000000002afe000 Exception <a 'java/security/PrivilegedActionException'> (0x00000000d61c8f50) thrown at [C:\re\workspace\8-2-build-windows-amd64-cygwin\jdk8u181\11358\hotspot\src\share\vm\prims\jvm.cpp, line 1435]
Event: 0.276 Thread 0x0000000002afe000 Exception <a 'java/security/PrivilegedActionException'> (0x00000000d61c9160) thrown at [C:\re\workspace\8-2-build-windows-amd64-cygwin\jdk8u181\11358\hotspot\src\share\vm\prims\jvm.cpp, line 1435]
Event: 0.277 Thread 0x0000000002afe000 Exception <a 'java/lang/NullPointerException'> (0x00000000d61c9738) thrown at [C:\re\workspace\8-2-build-windows-amd64-cygwin\jdk8u181\11358\hotspot\src\share\vm\interpreter\linkResolver.cpp, line 1185]
Event: 0.937 Thread 0x00000000194cd000 Exception <a 'java/lang/NullPointerException'> (0x00000000d6c847b0) thrown at [C:\re\workspace\8-2-build-windows-amd64-cygwin\jdk8u181\11358\hotspot\src\share\vm\interpreter\linkResolver.cpp, line 1185]
Event: 0.937 Thread 0x00000000194cd000 Exception <a 'java/lang/NullPointerException'> (0x00000000d6c847b0) thrown at [C:\re\workspace\8-2-build-windows-amd64-cygwin\jdk8u181\11358\hotspot\src\share\vm\prims\jvm.cpp, line 1439]
Event: 1.143 Thread 0x00000000194cd000 Exception <a 'java/lang/ArrayIndexOutOfBoundsException': 58> (0x00000000d703d9d8) thrown at [C:\re\workspace\8-2-build-windows-amd64-cygwin\jdk8u181\11358\hotspot\src\share\vm\interpreter\interpreterRuntime.cpp, line 366]
Event: 1.144 Thread 0x00000000194cd000 Exception <a 'java/lang/ArrayIndexOutOfBoundsException': 18> (0x00000000d703e860) thrown at [C:\re\workspace\8-2-build-windows-amd64-cygwin\jdk8u181\11358\hotspot\src\share\vm\interpreter\interpreterRuntime.cpp, line 366]
Event: 1.144 Thread 0x00000000194cd000 Exception <a 'java/lang/ArrayIndexOutOfBoundsException': 86> (0x00000000d703fc08) thrown at [C:\re\workspace\8-2-build-windows-amd64-cygwin\jdk8u181\11358\hotspot\src\share\vm\interpreter\interpreterRuntime.cpp, line 366]
Event: 1.461 Thread 0x00000000194cd000 Implicit null exception at 0x0000000002fb49b5 to 0x0000000002fb4bd1
Event: 1.461 Thread 0x00000000194cd000 Implicit null exception at 0x0000000002fb3518 to 0x0000000002fb35a6

Events (10 events):
Event: 1.544 loading class javafx/scene/effect/GaussianBlur
Event: 1.544 loading class javafx/scene/effect/GaussianBlur done
Event: 1.545 loading class application/Controller2
Event: 1.545 loading class application/Controller2 done
Event: 1.547 loading class com/sun/javafx/iio/png/PNGImageLoader2
Event: 1.547 loading class com/sun/javafx/iio/png/PNGImageLoader2 done
Event: 1.548 loading class com/sun/javafx/iio/png/PNGIDATChunkInputStream
Event: 1.548 loading class com/sun/javafx/iio/png/PNGIDATChunkInputStream done
Event: 1.549 Executing VM operation: ParallelGCFailedAllocation
Event: 1.555 Executing VM operation: ParallelGCFailedAllocation done


Dynamic libraries:
0x00007ff7275d0000 - 0x00007ff727607000 	C:\Program Files\Java\jre1.8.0_181\bin\javaw.exe
0x00007ff992e70000 - 0x00007ff993051000 	C:\WINDOWS\SYSTEM32\ntdll.dll
0x00007ff970dc0000 - 0x00007ff970df4000 	C:\Program Files\AVG\Antivirus\x64\aswhooka.dll
0x00007ff992d80000 - 0x00007ff992e32000 	C:\WINDOWS\System32\KERNEL32.DLL
0x00007ff98f240000 - 0x00007ff98f4b3000 	C:\WINDOWS\System32\KERNELBASE.dll
0x00007ff9914d0000 - 0x00007ff991571000 	C:\WINDOWS\System32\ADVAPI32.dll
0x00007ff991580000 - 0x00007ff99161e000 	C:\WINDOWS\System32\msvcrt.dll
0x00007ff990c90000 - 0x00007ff990ceb000 	C:\WINDOWS\System32\sechost.dll
0x00007ff991680000 - 0x00007ff9917a4000 	C:\WINDOWS\System32\RPCRT4.dll
0x00007ff990e40000 - 0x00007ff990fd0000 	C:\WINDOWS\System32\USER32.dll
0x00007ff9900f0000 - 0x00007ff990110000 	C:\WINDOWS\System32\win32u.dll
0x00007ff990b00000 - 0x00007ff990b28000 	C:\WINDOWS\System32\GDI32.dll
0x00007ff98f620000 - 0x00007ff98f7b2000 	C:\WINDOWS\System32\gdi32full.dll
0x00007ff990050000 - 0x00007ff9900ef000 	C:\WINDOWS\System32\msvcp_win.dll
0x00007ff98f520000 - 0x00007ff98f61a000 	C:\WINDOWS\System32\ucrtbase.dll
0x00007ff97ff60000 - 0x00007ff9801c9000 	C:\WINDOWS\WinSxS\amd64_microsoft.windows.common-controls_6595b64144ccf1df_6.0.17134.345_none_fb429a5930656358\COMCTL32.dll
0x00007ff9907d0000 - 0x00007ff990af3000 	C:\WINDOWS\System32\combase.dll
0x00007ff98f8c0000 - 0x00007ff98f93a000 	C:\WINDOWS\System32\bcryptPrimitives.dll
0x00007ff991050000 - 0x00007ff99107d000 	C:\WINDOWS\System32\IMM32.DLL
0x000000006c640000 - 0x000000006c712000 	C:\Program Files\Java\jre1.8.0_181\bin\msvcr100.dll
0x000000006d380000 - 0x000000006dc22000 	C:\Program Files\Java\jre1.8.0_181\bin\server\jvm.dll
0x00007ff990e10000 - 0x00007ff990e18000 	C:\WINDOWS\System32\PSAPI.DLL
0x00007ff981900000 - 0x00007ff981909000 	C:\WINDOWS\SYSTEM32\WSOCK32.dll
0x00007ff990da0000 - 0x00007ff990e0c000 	C:\WINDOWS\System32\WS2_32.dll
0x00007ff989a40000 - 0x00007ff989a63000 	C:\WINDOWS\SYSTEM32\WINMM.dll
0x00007ff979a80000 - 0x00007ff979a8a000 	C:\WINDOWS\SYSTEM32\VERSION.dll
0x00007ff989a10000 - 0x00007ff989a3a000 	C:\WINDOWS\SYSTEM32\WINMMBASE.dll
0x00007ff98f870000 - 0x00007ff98f8b9000 	C:\WINDOWS\System32\cfgmgr32.dll
0x000000006e800000 - 0x000000006e80f000 	C:\Program Files\Java\jre1.8.0_181\bin\verify.dll
0x000000006d350000 - 0x000000006d379000 	C:\Program Files\Java\jre1.8.0_181\bin\java.dll
0x000000006e5f0000 - 0x000000006e606000 	C:\Program Files\Java\jre1.8.0_181\bin\zip.dll
0x00007ff991940000 - 0x00007ff992d7f000 	C:\WINDOWS\System32\SHELL32.dll
0x00007ff990cf0000 - 0x00007ff990d99000 	C:\WINDOWS\System32\shcore.dll
0x00007ff98f940000 - 0x00007ff99004d000 	C:\WINDOWS\System32\windows.storage.dll
0x00007ff991620000 - 0x00007ff991671000 	C:\WINDOWS\System32\shlwapi.dll
0x00007ff98f1b0000 - 0x00007ff98f1c1000 	C:\WINDOWS\System32\kernel.appcore.dll
0x00007ff98f190000 - 0x00007ff98f1af000 	C:\WINDOWS\System32\profapi.dll
0x00007ff98f1f0000 - 0x00007ff98f23c000 	C:\WINDOWS\System32\powrprof.dll
0x00007ff98f180000 - 0x00007ff98f18a000 	C:\WINDOWS\System32\FLTLIB.DLL
0x0000000002b40000 - 0x0000000002b43000 	C:\Program Files\Java\jre1.8.0_181\bin\api-ms-win-core-console-l1-1-0.dll
0x0000000002b50000 - 0x0000000002b53000 	C:\Program Files\Java\jre1.8.0_181\bin\api-ms-win-core-datetime-l1-1-0.dll
0x0000000002b60000 - 0x0000000002b63000 	C:\Program Files\Java\jre1.8.0_181\bin\api-ms-win-core-debug-l1-1-0.dll
0x0000000002b70000 - 0x0000000002b73000 	C:\Program Files\Java\jre1.8.0_181\bin\api-ms-win-core-errorhandling-l1-1-0.dll
0x0000000002b80000 - 0x0000000002b84000 	C:\Program Files\Java\jre1.8.0_181\bin\api-ms-win-core-file-l1-1-0.dll
0x0000000002b90000 - 0x0000000002b93000 	C:\Program Files\Java\jre1.8.0_181\bin\api-ms-win-core-file-l1-2-0.dll
0x0000000002ba0000 - 0x0000000002ba3000 	C:\Program Files\Java\jre1.8.0_181\bin\api-ms-win-core-file-l2-1-0.dll
0x0000000019750000 - 0x0000000019753000 	C:\Program Files\Java\jre1.8.0_181\bin\api-ms-win-core-handle-l1-1-0.dll
0x0000000019760000 - 0x0000000019763000 	C:\Program Files\Java\jre1.8.0_181\bin\api-ms-win-core-heap-l1-1-0.dll
0x0000000019770000 - 0x0000000019773000 	C:\Program Files\Java\jre1.8.0_181\bin\api-ms-win-core-interlocked-l1-1-0.dll
0x0000000019780000 - 0x0000000019783000 	C:\Program Files\Java\jre1.8.0_181\bin\api-ms-win-core-libraryloader-l1-1-0.dll
0x0000000019790000 - 0x0000000019793000 	C:\Program Files\Java\jre1.8.0_181\bin\api-ms-win-core-localization-l1-2-0.dll
0x00000000197a0000 - 0x00000000197a3000 	C:\Program Files\Java\jre1.8.0_181\bin\api-ms-win-core-memory-l1-1-0.dll
0x00000000197b0000 - 0x00000000197b3000 	C:\Program Files\Java\jre1.8.0_181\bin\api-ms-win-core-namedpipe-l1-1-0.dll
0x00000000197c0000 - 0x00000000197c3000 	C:\Program Files\Java\jre1.8.0_181\bin\api-ms-win-core-processenvironment-l1-1-0.dll
0x00000000197d0000 - 0x00000000197d3000 	C:\Program Files\Java\jre1.8.0_181\bin\api-ms-win-core-processthreads-l1-1-0.dll
0x00000000197e0000 - 0x00000000197e3000 	C:\Program Files\Java\jre1.8.0_181\bin\api-ms-win-core-processthreads-l1-1-1.dll
0x00000000197f0000 - 0x00000000197f3000 	C:\Program Files\Java\jre1.8.0_181\bin\api-ms-win-core-profile-l1-1-0.dll
0x0000000019800000 - 0x0000000019803000 	C:\Program Files\Java\jre1.8.0_181\bin\api-ms-win-core-rtlsupport-l1-1-0.dll
0x0000000019810000 - 0x0000000019813000 	C:\Program Files\Java\jre1.8.0_181\bin\api-ms-win-core-string-l1-1-0.dll
0x0000000019820000 - 0x0000000019823000 	C:\Program Files\Java\jre1.8.0_181\bin\api-ms-win-core-synch-l1-1-0.dll
0x0000000019830000 - 0x0000000019833000 	C:\Program Files\Java\jre1.8.0_181\bin\api-ms-win-core-synch-l1-2-0.dll
0x0000000019840000 - 0x0000000019843000 	C:\Program Files\Java\jre1.8.0_181\bin\api-ms-win-core-sysinfo-l1-1-0.dll
0x0000000019850000 - 0x0000000019853000 	C:\Program Files\Java\jre1.8.0_181\bin\api-ms-win-core-timezone-l1-1-0.dll
0x0000000019860000 - 0x0000000019863000 	C:\Program Files\Java\jre1.8.0_181\bin\api-ms-win-core-util-l1-1-0.dll
0x0000000019870000 - 0x0000000019873000 	C:\Program Files\Java\jre1.8.0_181\bin\api-ms-win-crt-conio-l1-1-0.dll
0x0000000019880000 - 0x0000000019884000 	C:\Program Files\Java\jre1.8.0_181\bin\api-ms-win-crt-convert-l1-1-0.dll
0x0000000019890000 - 0x0000000019893000 	C:\Program Files\Java\jre1.8.0_181\bin\api-ms-win-crt-environment-l1-1-0.dll
0x00000000198a0000 - 0x00000000198a3000 	C:\Program Files\Java\jre1.8.0_181\bin\api-ms-win-crt-filesystem-l1-1-0.dll
0x00000000198b0000 - 0x00000000198b3000 	C:\Program Files\Java\jre1.8.0_181\bin\api-ms-win-crt-heap-l1-1-0.dll
0x00000000198c0000 - 0x00000000198c3000 	C:\Program Files\Java\jre1.8.0_181\bin\api-ms-win-crt-locale-l1-1-0.dll
0x00000000198d0000 - 0x00000000198d5000 	C:\Program Files\Java\jre1.8.0_181\bin\api-ms-win-crt-math-l1-1-0.dll
0x00000000198e0000 - 0x00000000198e5000 	C:\Program Files\Java\jre1.8.0_181\bin\api-ms-win-crt-multibyte-l1-1-0.dll
0x00000000198f0000 - 0x0000000019900000 	C:\Program Files\Java\jre1.8.0_181\bin\api-ms-win-crt-private-l1-1-0.dll
0x0000000019900000 - 0x0000000019903000 	C:\Program Files\Java\jre1.8.0_181\bin\api-ms-win-crt-process-l1-1-0.dll
0x0000000019910000 - 0x0000000019914000 	C:\Program Files\Java\jre1.8.0_181\bin\api-ms-win-crt-runtime-l1-1-0.dll
0x0000000019920000 - 0x0000000019924000 	C:\Program Files\Java\jre1.8.0_181\bin\api-ms-win-crt-stdio-l1-1-0.dll
0x0000000019930000 - 0x0000000019934000 	C:\Program Files\Java\jre1.8.0_181\bin\api-ms-win-crt-string-l1-1-0.dll
0x0000000019940000 - 0x0000000019943000 	C:\Program Files\Java\jre1.8.0_181\bin\api-ms-win-crt-time-l1-1-0.dll
0x0000000019950000 - 0x0000000019953000 	C:\Program Files\Java\jre1.8.0_181\bin\api-ms-win-crt-utility-l1-1-0.dll
0x00007ff9525f0000 - 0x00007ff9526e6000 	C:\Program Files\Java\jre1.8.0_181\bin\ucrtbase.dll
0x00007ff97b4d0000 - 0x00007ff97b4e6000 	C:\Program Files\Java\jre1.8.0_181\bin\vcruntime140.dll
0x00007ff955380000 - 0x00007ff95541c000 	C:\Program Files\Java\jre1.8.0_181\bin\msvcp140.dll
0x00007ff973cf0000 - 0x00007ff973d41000 	C:\Program Files\Java\jre1.8.0_181\bin\concrt140.dll
0x000000006dc70000 - 0x000000006dc93000 	C:\Program Files\Java\jre1.8.0_181\bin\prism_d3d.dll
0x00007ff95c520000 - 0x00007ff95c6b7000 	C:\WINDOWS\system32\d3d9.dll
0x00007ff98d340000 - 0x00007ff98d369000 	C:\WINDOWS\SYSTEM32\dwmapi.dll
0x00007ff98d0f0000 - 0x00007ff98d188000 	C:\WINDOWS\system32\uxtheme.dll
0x00007ff947d20000 - 0x00007ff94b579000 	C:\WINDOWS\SYSTEM32\igdumdim64.dll
0x00007ff990360000 - 0x00007ff990422000 	C:\WINDOWS\System32\OLEAUT32.dll
0x00007ff990b30000 - 0x00007ff990c81000 	C:\WINDOWS\System32\ole32.dll
0x00007ff991080000 - 0x00007ff9914cb000 	C:\WINDOWS\System32\SETUPAPI.dll
0x000000006c5f0000 - 0x000000006c639000 	C:\Program Files\Java\jre1.8.0_181\bin\glass.dll
0x00007ff991850000 - 0x00007ff99193d000 	C:\WINDOWS\System32\COMDLG32.dll
0x00007ff990650000 - 0x00007ff9907c4000 	C:\WINDOWS\System32\MSCTF.dll
0x00007ff984c50000 - 0x00007ff986252000 	C:\WINDOWS\SYSTEM32\igc64.dll
0x000000006dc40000 - 0x000000006dc63000 	C:\Program Files\Java\jre1.8.0_181\bin\javafx_iio.dll
0x000000006c5d0000 - 0x000000006c5e4000 	C:\Program Files\Java\jre1.8.0_181\bin\javafx_font.dll
0x00007ff980780000 - 0x00007ff980a9c000 	C:\WINDOWS\SYSTEM32\dwrite.dll

VM Arguments:
jvm_args: -Dfile.encoding=Cp1252 
java_command: application.Main
java_class_path (initial): C:\Program Files\Java\jre1.8.0_181\lib\resources.jar;C:\Program Files\Java\jre1.8.0_181\lib\rt.jar;C:\Program Files\Java\jre1.8.0_181\lib\jsse.jar;C:\Program Files\Java\jre1.8.0_181\lib\jce.jar;C:\Program Files\Java\jre1.8.0_181\lib\charsets.jar;C:\Program Files\Java\jre1.8.0_181\lib\jfr.jar;C:\Program Files\Java\jre1.8.0_181\lib\ext\access-bridge-64.jar;C:\Program Files\Java\jre1.8.0_181\lib\ext\cldrdata.jar;C:\Program Files\Java\jre1.8.0_181\lib\ext\dnsns.jar;C:\Program Files\Java\jre1.8.0_181\lib\ext\jaccess.jar;C:\Program Files\Java\jre1.8.0_181\lib\ext\jfxrt.jar;C:\Program Files\Java\jre1.8.0_181\lib\ext\localedata.jar;C:\Program Files\Java\jre1.8.0_181\lib\ext\nashorn.jar;C:\Program Files\Java\jre1.8.0_181\lib\ext\sunec.jar;C:\Program Files\Java\jre1.8.0_181\lib\ext\sunjce_provider.jar;C:\Program Files\Java\jre1.8.0_181\lib\ext\sunmscapi.jar;C:\Program Files\Java\jre1.8.0_181\lib\ext\sunpkcs11.jar;C:\Program Files\Java\jre1.8.0_181\lib\ext\zipfs.jar;M:\java\CPUScheduler\bin;C:\Users\MY EliteBook\.p2\pool\plugins\org.eclipse.fx.ide.css.jfx8_3.0.0.201705220750.jar
Launcher Type: SUN_STANDARD

Environment Variables:
PATH=C:/Program Files/Java/jre1.8.0_181/bin/server;C:/Program Files/Java/jre1.8.0_181/bin;C:/Program Files/Java/jre1.8.0_181/lib/amd64;C:\Program Files (x86)\Common Files\Oracle\Java\javapath;C:\ProgramData\Oracle\Java\javapath;C:\WINDOWS\system32;C:\WINDOWS;C:\WINDOWS\System32\Wbem;C:\WINDOWS\System32\WindowsPowerShell\v1.0\;c:\altera\90\quartus\bin;C:\Aldec\Active-HDL 10.1 64-bit\bin;C:\Android;C:\Windows\System32;M:\matlab\runtime\win64;M:\matlab\bin;C:\WINDOWS\System32\OpenSSH\;C:\Users\MY EliteBook\AppData\Local\Microsoft\WindowsApps;;C:\intelFPGA_pro\17.1\modelsim_ase\win32aloem;C:\WINDOWS\System32;
USERNAME=MY EliteBook
OS=Windows_NT
PROCESSOR_IDENTIFIER=Intel64 Family 6 Model 78 Stepping 3, GenuineIntel



---------------  S Y S T E M  ---------------

OS: Windows 10.0 , 64 bit Build 17134 (10.0.17134.1)

CPU:total 4 (initial active 4) (2 cores per cpu, 2 threads per core) family 6 model 78 stepping 3, cmov, cx8, fxsr, mmx, sse, sse2, sse3, ssse3, sse4.1, sse4.2, popcnt, avx, avx2, aes, clmul, erms, 3dnowpref, lzcnt, ht, tsc, tscinvbit, bmi1, bmi2, adx

Memory: 4k page, physical 8266340k(2077652k free), swap 24187616k(4808k free)

vm_info: Java HotSpot(TM) 64-Bit Server VM (25.181-b13) for windows-amd64 JRE (1.8.0_181-b13), built on Jul  7 2018 04:01:33 by "java_re" with MS VC++ 10.0 (VS2010)

time: Tue Oct 30 12:31:53 2018
elapsed time: 1 seconds (0d 0h 0m 1s)

